running develop
running egg_info
creating my_turtlebot_project.egg-info
writing my_turtlebot_project.egg-info/PKG-INFO
writing dependency_links to my_turtlebot_project.egg-info/dependency_links.txt
writing entry points to my_turtlebot_project.egg-info/entry_points.txt
writing requirements to my_turtlebot_project.egg-info/requires.txt
writing top-level names to my_turtlebot_project.egg-info/top_level.txt
writing manifest file 'my_turtlebot_project.egg-info/SOURCES.txt'
reading manifest file 'my_turtlebot_project.egg-info/SOURCES.txt'
writing manifest file 'my_turtlebot_project.egg-info/SOURCES.txt'
running build_ext
Creating /home/yjh/junhyuk_project/turtlebot_ws/install/my_turtlebot_project/lib/python3.10/site-packages/my-turtlebot-project.egg-link (link to .)
Installing mapping_gui script to /home/yjh/junhyuk_project/turtlebot_ws/install/my_turtlebot_project/lib/my_turtlebot_project

Installed /home/yjh/junhyuk_project/turtlebot_ws/build/my_turtlebot_project
running symlink_data
creating /home/yjh/junhyuk_project/turtlebot_ws/install/my_turtlebot_project/share/ament_index/resource_index/packages
symbolically linking /home/yjh/junhyuk_project/turtlebot_ws/build/my_turtlebot_project/resource/my_turtlebot_project -> /home/yjh/junhyuk_project/turtlebot_ws/install/my_turtlebot_project/share/ament_index/resource_index/packages
symbolically linking /home/yjh/junhyuk_project/turtlebot_ws/build/my_turtlebot_project/package.xml -> /home/yjh/junhyuk_project/turtlebot_ws/install/my_turtlebot_project/share/my_turtlebot_project
creating /home/yjh/junhyuk_project/turtlebot_ws/install/my_turtlebot_project/share/my_turtlebot_project/launch
symbolically linking /home/yjh/junhyuk_project/turtlebot_ws/build/my_turtlebot_project/launch/turtlebot_simulation.launch.py -> /home/yjh/junhyuk_project/turtlebot_ws/install/my_turtlebot_project/share/my_turtlebot_project/launch
creating /home/yjh/junhyuk_project/turtlebot_ws/install/my_turtlebot_project/share/my_turtlebot_project/maps
symbolically linking /home/yjh/junhyuk_project/turtlebot_ws/build/my_turtlebot_project/maps/dummy_map.yaml -> /home/yjh/junhyuk_project/turtlebot_ws/install/my_turtlebot_project/share/my_turtlebot_project/maps
symbolically linking /home/yjh/junhyuk_project/turtlebot_ws/build/my_turtlebot_project/maps/dummy_map.pgm -> /home/yjh/junhyuk_project/turtlebot_ws/install/my_turtlebot_project/share/my_turtlebot_project/maps
