[0.732s] Invoking command in '/home/yjh/junhyuk_project/turtlebot_ws/build/my_turtlebot_project': PYTHONPATH=/home/yjh/junhyuk_project/turtlebot_ws/build/my_turtlebot_project/prefix_override:/usr/lib/python3/dist-packages/colcon_core/task/python/colcon_distutils_commands:/home/yjh/junhyuk_project/turtlebot_ws/install/my_turtlebot_project/lib/python3.10/site-packages:${PYTHONPATH} /usr/bin/python3 -W ignore:setup.py install is deprecated -W ignore:easy_install command is deprecated setup.py develop --editable --build-directory /home/yjh/junhyuk_project/turtlebot_ws/build/my_turtlebot_project/build --no-deps symlink_data
[1.063s] running develop
[1.321s] running egg_info
[1.341s] writing my_turtlebot_project.egg-info/PKG-INFO
[1.342s] writing dependency_links to my_turtlebot_project.egg-info/dependency_links.txt
[1.342s] writing entry points to my_turtlebot_project.egg-info/entry_points.txt
[1.342s] writing requirements to my_turtlebot_project.egg-info/requires.txt
[1.342s] writing top-level names to my_turtlebot_project.egg-info/top_level.txt
[1.391s] reading manifest file 'my_turtlebot_project.egg-info/SOURCES.txt'
[1.392s] writing manifest file 'my_turtlebot_project.egg-info/SOURCES.txt'
[1.412s] running build_ext
[1.412s] Creating /home/yjh/junhyuk_project/turtlebot_ws/install/my_turtlebot_project/lib/python3.10/site-packages/my-turtlebot-project.egg-link (link to .)
[1.412s] Installing mapping_gui script to /home/yjh/junhyuk_project/turtlebot_ws/install/my_turtlebot_project/lib/my_turtlebot_project
[1.413s] 
[1.413s] Installed /home/yjh/junhyuk_project/turtlebot_ws/build/my_turtlebot_project
[1.413s] running symlink_data
[1.413s] creating /home/yjh/junhyuk_project/turtlebot_ws/install/my_turtlebot_project/share/my_turtlebot_project/maps
[1.413s] symbolically linking /home/yjh/junhyuk_project/turtlebot_ws/build/my_turtlebot_project/maps/dummy_map.yaml -> /home/yjh/junhyuk_project/turtlebot_ws/install/my_turtlebot_project/share/my_turtlebot_project/maps
[1.414s] symbolically linking /home/yjh/junhyuk_project/turtlebot_ws/build/my_turtlebot_project/maps/dummy_map.pgm -> /home/yjh/junhyuk_project/turtlebot_ws/install/my_turtlebot_project/share/my_turtlebot_project/maps
[1.445s] Invoked command in '/home/yjh/junhyuk_project/turtlebot_ws/build/my_turtlebot_project' returned '0': PYTHONPATH=/home/yjh/junhyuk_project/turtlebot_ws/build/my_turtlebot_project/prefix_override:/usr/lib/python3/dist-packages/colcon_core/task/python/colcon_distutils_commands:/home/yjh/junhyuk_project/turtlebot_ws/install/my_turtlebot_project/lib/python3.10/site-packages:${PYTHONPATH} /usr/bin/python3 -W ignore:setup.py install is deprecated -W ignore:easy_install command is deprecated setup.py develop --editable --build-directory /home/yjh/junhyuk_project/turtlebot_ws/build/my_turtlebot_project/build --no-deps symlink_data
